<?xml version="1.0" encoding="utf-8"?><testsuites name="pytest tests"><testsuite name="pytest" errors="0" failures="2" skipped="0" tests="480" time="239.085" timestamp="2026-06-09T13:14:19.513209-07:00" hostname="x1"><testcase classname="tests.test_accelerated_fp.TestAcceleratedFixedPointFinder" name="test_finds_ngfp" time="1.494" /><testcase classname="tests.test_accelerated_fp.TestAcceleratedFixedPointFinder" name="test_finds_gaussian_fp" time="0.155" /><testcase classname="tests.test_accelerated_fp.TestAcceleratedFixedPointFinder" name="test_find_all_includes_ngfp" time="1.097" /><testcase classname="tests.test_accelerated_fp.TestAcceleratedFixedPointFinder" name="test_prefilter_reduces_candidates" time="0.510" /><testcase classname="tests.test_animations_smoke" name="test_parameter_sweep_animation_smoke" time="4.849" /><testcase classname="tests.test_animations_smoke" name="test_rg_trajectory_animation_smoke" time="3.749" /><testcase classname="tests.test_animations_smoke" name="test_save_animation_rejects_unknown_writer" time="0.016" /><testcase classname="tests.test_batch_evaluator.TestNumpyBatchEvaluator" name="test_single_point_matches_rhs" time="0.102" /><testcase classname="tests.test_batch_evaluator.TestNumpyBatchEvaluator" name="test_multiple_points" time="0.095" /><testcase classname="tests.test_batch_evaluator.TestNumpyBatchEvaluator" name="test_shape" time="0.061" /><testcase classname="tests.test_batch_evaluator.TestNumpyBatchEvaluator" name="test_norms" time="0.054" /><testcase classname="tests.test_batch_evaluator.TestNumpyBatchEvaluator" name="test_handles_singularity" time="0.059" /><testcase classname="tests.test_batch_evaluator.TestNumpyBatchEvaluator" name="test_batch_evaluator_via_system" time="0.118" /><testcase classname="tests.test_benchmarks_published.TestReuterFixedPoint" name="test_ngfp_exists" time="0.129" /><testcase classname="tests.test_benchmarks_published.TestReuterFixedPoint" name="test_g_star_within_factor_two_of_published" time="0.001" /><testcase classname="tests.test_benchmarks_published.TestReuterFixedPoint" name="test_lambda_star_positive_and_below_pole" time="0.001" /><testcase classname="tests.test_benchmarks_published.TestReuterFixedPoint" name="test_product_g_lambda_within_factor_two" time="0.001" /><testcase classname="tests.test_benchmarks_published.TestReuterFixedPoint" name="test_validate_eh_function_runs" time="0.086" /><testcase classname="tests.test_benchmarks_published.TestReuterFixedPoint" name="test_pinned_toolkit_values" time="0.002" /><testcase classname="tests.test_benchmarks_published.TestCodelloPercacciBenchmark" name="test_quadratic_fp_dict_has_four_couplings" time="0.003" /><testcase classname="tests.test_benchmarks_published.TestCodelloPercacciBenchmark" name="test_one_loop_universal_signs" time="0.005" /><testcase classname="tests.test_benchmarks_published.TestManriqueFoliated" name="test_foliated_fp_lambda_adm_unity" time="0.001" /><testcase classname="tests.test_benchmarks_published.TestManriqueFoliated" name="test_lorentzian_fp_lambda_adm_unity" time="0.001" /><testcase classname="tests.test_benchmarks_published.TestManriqueFoliated" name="test_g_lambda_below_pole" time="0.004" /><testcase classname="tests.test_benchmarks_published.TestKorverSaueressigBounds" name="test_foliated_matter_bounds_present" time="0.005" /><testcase classname="tests.test_benchmarks_published.TestKorverSaueressigBounds" name="test_covariant_matter_bounds_present" time="0.001" /><testcase classname="tests.test_benchmarks_published.TestKorverSaueressigBounds" name="test_validate_foliated_matter_bounds_within" time="0.001" /><testcase classname="tests.test_benchmarks_published.TestKorverSaueressigBounds" name="test_validate_foliated_matter_bounds_out_of_range" time="0.005" /><testcase classname="tests.test_benchmarks_published.TestLorentzianBenchmarks" name="test_lorentzian_covariant_fp_keys" time="0.001" /><testcase classname="tests.test_benchmarks_published.TestLorentzianBenchmarks" name="test_lorentzian_foliated_wick_keys" time="0.004" /><testcase classname="tests.test_benchmarks_published.TestLorentzianBenchmarks" name="test_validate_lorentzian_function_runs" time="0.001" /><testcase classname="tests.test_benchmarks_published.TestLorentzianBenchmarks" name="test_lorentzian_consistent_with_euclidean" time="0.001" /><testcase classname="tests.test_benchmarks_published.TestGravityMatterFixedPoint" name="test_ngfp_exists" time="0.179" /><testcase classname="tests.test_benchmarks_published.TestGravityMatterFixedPoint" name="test_lambda_phi_star_positive_and_small" time="0.001" /><testcase classname="tests.test_benchmarks_published.TestGravityMatterFixedPoint" name="test_three_critical_exponents" time="0.001" /><testcase classname="tests.test_benchmarks_published.TestGravityMatterFixedPoint" name="test_two_relevant_directions" time="0.001" /><testcase classname="tests.test_benchmarks_published.TestGravityMatterFixedPoint" name="test_pinned_g_lambda_lambdaphi" time="0.001" /><testcase classname="tests.test_benchmarks_published.TestBonati2025GaugeHiggs" name="test_reference_table_has_three_Nf" time="0.001" /><testcase classname="tests.test_benchmarks_published.TestBonati2025GaugeHiggs" name="test_reference_values_monotone_in_Nf" time="0.001" /><testcase classname="tests.test_benchmarks_published.TestBonati2025GaugeHiggs" name="test_large_nf_formula_matches_table" time="0.001" /><testcase classname="tests.test_benchmarks_published.TestBonati2025GaugeHiggs" name="test_charged_fp_existence_threshold" time="0.001" /><testcase classname="tests.test_benchmarks_published.TestBonati2025GaugeHiggs" name="test_toolkit_ahm_finds_charged_fp" time="0.092" /><testcase classname="tests.test_benchmarks_published.TestBonati2025GaugeHiggs" name="test_toolkit_nu_is_monotone_in_Nf" time="0.001" /><testcase classname="tests.test_benchmarks_published.TestDraper2020GravitonAmplitude" name="test_validate_runs_and_passes" time="0.016" /><testcase classname="tests.test_benchmarks_published.TestKnorr2026SafeVsUnsafe" name="test_safe_bounded_unsafe_grows" time="0.016" /><testcase classname="tests.test_benchmarks_published.TestCheung2025Bootstrap" name="test_validate_bootstrap" time="0.007" /><testcase classname="tests.test_benchmarks_published.TestScatteringBridge" name="test_bridge_verdict" time="0.739" /><testcase classname="tests.test_bootstrap.TestReggeSpectrum" name="test_trajectory" time="0.001" /><testcase classname="tests.test_bootstrap.TestReggeSpectrum" name="test_open_string_spectrum" time="0.001" /><testcase classname="tests.test_bootstrap.TestReggeSpectrum" name="test_spectrum_formula" time="0.001" /><testcase classname="tests.test_bootstrap.TestReggeSpectrum" name="test_max_spin" time="0.001" /><testcase classname="tests.test_bootstrap.TestVeneziano" name="test_crossing_symmetric" time="0.001" /><testcase classname="tests.test_bootstrap.TestVeneziano" name="test_pole_at_integer_trajectory" time="0.001" /><testcase classname="tests.test_bootstrap.TestVeneziano" name="test_residue_is_degree_n_polynomial" time="0.002" /><testcase classname="tests.test_bootstrap.TestVeneziano" name="test_residue_zeros" time="0.001" /><testcase classname="tests.test_bootstrap.TestVirasoroShapiro" name="test_full_crossing_symmetry" time="0.001" /><testcase classname="tests.test_bootstrap.TestStringAmplitudeAdapter" name="test_veneziano_adapter" time="0.001" /><testcase classname="tests.test_bootstrap.TestStringAmplitudeAdapter" name="test_vs_adapter_vs_s" time="0.001" /><testcase classname="tests.test_bootstrap.TestUltrasoft" name="test_virasoro_shapiro_is_ultrasoft" time="0.001" /><testcase classname="tests.test_bootstrap.TestUltrasoft" name="test_constant_amplitude_not_ultrasoft" time="0.001" /><testcase classname="tests.test_bridge" name="test_cross_analogue_creation" time="0.127" /><testcase classname="tests.test_bridge" name="test_rg_critical_exponents" time="0.123" /><testcase classname="tests.test_bridge" name="test_matrix_exp_exponents" time="0.132" /><testcase classname="tests.test_bridge" name="test_resolvent_poles" time="0.125" /><testcase classname="tests.test_bridge" name="test_verify_commutativity" time="0.132" /><testcase classname="tests.test_bridge" name="test_impedance_bridge" time="0.124" /><testcase classname="tests.test_caching.TestSymbolicCache" name="test_cache_hit_avoids_recomputation" time="0.002" /><testcase classname="tests.test_caching.TestSymbolicCache" name="test_distinct_sympy_args_distinct_keys" time="0.003" /><testcase classname="tests.test_caching.TestSymbolicCache" name="test_equal_sympy_args_same_key" time="0.001" /><testcase classname="tests.test_caching.TestSymbolicCache" name="test_cache_clear" time="0.001" /><testcase classname="tests.test_caching.TestCacheDir" name="test_cache_dir_exists" time="0.001" /><testcase classname="tests.test_caching.TestCacheDir" name="test_env_override" time="0.002" /><testcase classname="tests.test_caching.TestDiskCacheFallback" name="test_decorator_works_without_joblib" time="0.012"><failure message="assert [] == [5]&#10;  &#10;  Right contains one more item: 5&#10;  Use -v to get more diff">self = &lt;tests.test_caching.TestDiskCacheFallback object at 0x7a15e2a80ef0&gt;

    def test_decorator_works_without_joblib(self):
        # Whether or not joblib is present, the decorator must be a no-op
        # in terms of API surface.
        calls = []
    
        @disk_cache()
        def f(x):
            calls.append(x)
            return x + 1
    
        assert f(5) == 6
        assert f(5) == 6
        # Either disk or memory: both must hit on the second call
&gt;       assert calls == [5]
E       assert [] == [5]
E         
E         Right contains one more item: 5
E         Use -v to get more diff

tests/test_caching.py:107: AssertionError</failure></testcase><testcase classname="tests.test_caching.TestDiskCacheFallback" name="test_joblib_available_is_bool" time="0.001" /><testcase classname="tests.test_caching.TestJacobianDiskCache" name="test_identical_inputs_identical_output" time="0.011" /><testcase classname="tests.test_caching.TestJacobianDiskCache" name="test_different_inputs_different_output" time="0.010" /><testcase classname="tests.test_cli_amplitude" name="test_amplitude_npz" time="0.262" /><testcase classname="tests.test_cli_amplitude" name="test_amplitude_with_checks_and_bridge_json" time="2.425" /><testcase classname="tests.test_cli_amplitude" name="test_amplitude_fixed_scale_is_unsafe" time="0.286" /><testcase classname="tests.test_cli_amplitude" name="test_amplitude_gravity_matter_with_xi" time="0.550" /><testcase classname="tests.test_cli_eval.TestEvalSubcommand" name="test_eh_grid_npz" time="0.116" /><testcase classname="tests.test_cli_eval.TestEvalSubcommand" name="test_eh_grid_json" time="0.094" /><testcase classname="tests.test_cli_eval.TestEvalSubcommand" name="test_quadratic_axis_arrays_present" time="0.140" /><testcase classname="tests.test_cli_eval.TestEvalSubcommand" name="test_unknown_coupling_in_grid_raises" time="0.007" /><testcase classname="tests.test_cli_eval.TestEvalSubcommand" name="test_malformed_grid_token_raises" time="0.011" /><testcase classname="tests.test_cli_eval.TestEvalSubcommand" name="test_param_passed_through" time="0.120" /><testcase classname="tests.test_cli_eval.TestEvalBackends" name="test_backend_numpy_explicit" time="0.117" /><testcase classname="tests.test_cli_eval.TestEvalBackends" name="test_backend_auto" time="0.383" /><testcase classname="tests.test_cli_io.TestBuildTruncation" name="test_eh" time="0.002" /><testcase classname="tests.test_cli_io.TestBuildTruncation" name="test_quadratic" time="0.004" /><testcase classname="tests.test_cli_io.TestBuildTruncation" name="test_foliated" time="0.010" /><testcase classname="tests.test_cli_io.TestBuildTruncation" name="test_eh_matter" time="0.009" /><testcase classname="tests.test_cli_io.TestBuildTruncation" name="test_gravity_matter_quartic" time="0.007" /><testcase classname="tests.test_cli_io.TestBuildTruncation" name="test_gravity_matter_yukawa_requires_dirac" time="0.007" /><testcase classname="tests.test_cli_io.TestBuildTruncation" name="test_unknown_raises" time="0.005" /><testcase classname="tests.test_cli_io.TestBuildTruncation" name="test_supported_set_advertised" time="0.004" /><testcase classname="tests.test_cli_io.TestParseKvPairs" name="test_empty" time="0.002" /><testcase classname="tests.test_cli_io.TestParseKvPairs" name="test_simple" time="0.001" /><testcase classname="tests.test_cli_io.TestParseKvPairs" name="test_whitespace" time="0.001" /><testcase classname="tests.test_cli_io.TestParseKvPairs" name="test_missing_equals_raises" time="0.001" /><testcase classname="tests.test_cli_io.TestNpzRoundTrip" name="test_round_trip" time="0.011" /><testcase classname="tests.test_cli_io.TestJsonRoundTrip" name="test_round_trip" time="0.006" /><testcase classname="tests.test_cli_io.TestExtensionDispatch" name="test_unknown_extension_falls_back_to_npz" time="0.008" /><testcase classname="tests.test_cli_io.TestHdf5" name="test_h5_requires_h5py_or_raises" time="0.203" /><testcase classname="tests.test_cli_scan.TestScanSubcommand" name="test_gravity_matter_scalar_scan_json" time="0.482" /><testcase classname="tests.test_cli_scan.TestScanSubcommand" name="test_eh_dimension_scan_npz" time="0.137" /><testcase classname="tests.test_cli_scan.TestScanSubcommand" name="test_param_range_malformed_raises" time="0.004" /><testcase classname="tests.test_cli_scan.TestScanArrays" name="test_theta_arrays_present" time="0.196" /><testcase classname="tests.test_compute_backends.TestLocalBackend" name="test_map_simple" time="0.083" /><testcase classname="tests.test_compute_backends.TestLocalBackend" name="test_map_single_item" time="0.001" /><testcase classname="tests.test_compute_backends.TestLocalBackend" name="test_map_batch" time="0.004" /><testcase classname="tests.test_compute_backends.TestLocalBackend" name="test_name" time="0.001" /><testcase classname="tests.test_compute_backends.TestLocalBackend" name="test_capabilities" time="0.001" /><testcase classname="tests.test_compute_backends.TestSequentialBackend" name="test_map" time="0.001" /><testcase classname="tests.test_compute_backends.TestSequentialBackend" name="test_name" time="0.001" /><testcase classname="tests.test_compute_backends.TestConfig" name="test_available_backends_includes_local" time="0.004" /><testcase classname="tests.test_compute_backends.TestConfig" name="test_get_backend_local" time="0.001" /><testcase classname="tests.test_compute_backends.TestConfig" name="test_get_backend_sequential" time="0.004" /><testcase classname="tests.test_compute_backends.TestConfig" name="test_get_backend_auto" time="0.001" /><testcase classname="tests.test_config.TestDefaults" name="test_defaults_load_without_files" time="0.005" /><testcase classname="tests.test_config.TestDefaults" name="test_to_dict_round_trip" time="0.002" /><testcase classname="tests.test_config.TestFileOverride" name="test_user_file_overrides_defaults" time="0.002" /><testcase classname="tests.test_config.TestFileOverride" name="test_project_file_overrides_user_file" time="0.002" /><testcase classname="tests.test_config.TestFileOverride" name="test_invalid_toml_silently_ignored" time="0.002" /><testcase classname="tests.test_config.TestFileOverride" name="test_unknown_keys_ignored" time="0.002" /><testcase classname="tests.test_config.TestEnvOverride" name="test_env_overrides_file" time="0.003" /><testcase classname="tests.test_config.TestEnvOverride" name="test_env_bool_coercion" time="0.002" /><testcase classname="tests.test_config.TestEnvOverride" name="test_env_int_coercion" time="0.001" /><testcase classname="tests.test_config.TestEnvOverride" name="test_env_unknown_section_ignored" time="0.001" /><testcase classname="tests.test_config.TestCacheDirSideEffect" name="test_cache_dir_propagates_to_env" time="0.002" /><testcase classname="tests.test_config.TestCacheDirSideEffect" name="test_existing_env_cache_dir_wins" time="0.002" /><testcase classname="tests.test_cosmology.TestScaleIdentification" name="test_inverse_distance_scalar" time="0.001" /><testcase classname="tests.test_cosmology.TestScaleIdentification" name="test_inverse_distance_array" time="0.001" /><testcase classname="tests.test_cosmology.TestScaleIdentification" name="test_geodesic_softens_origin" time="0.001" /><testcase classname="tests.test_cosmology.TestScaleIdentification" name="test_geodesic_reduces_to_inverse_at_large_r" time="0.001" /><testcase classname="tests.test_cosmology.TestScaleIdentification" name="test_proper_distance_at_horizon_finite" time="0.001" /><testcase classname="tests.test_cosmology.TestScaleIdentification" name="test_proper_distance_outside_horizon" time="0.001" /><testcase classname="tests.test_cosmology.TestScaleIdentification" name="test_hubble_scale_requires_hubble" time="0.001" /><testcase classname="tests.test_cosmology.TestScaleIdentification" name="test_hubble_scale_with_hubble" time="0.001" /><testcase classname="tests.test_cosmology.TestScaleIdentification" name="test_hubble_scale_no_radial" time="0.001" /><testcase classname="tests.test_cosmology.TestRGImprovedSchwarzschild" name="test_constructor_requires_g_coupling" time="0.331" /><testcase classname="tests.test_cosmology.TestRGImprovedSchwarzschild" name="test_running_G_finite_at_small_r" time="0.001" /><testcase classname="tests.test_cosmology.TestRGImprovedSchwarzschild" name="test_running_G_vanishes_at_origin" time="0.001" /><testcase classname="tests.test_cosmology.TestRGImprovedSchwarzschild" name="test_lapse_to_unity_at_origin" time="0.001" /><testcase classname="tests.test_cosmology.TestRGImprovedSchwarzschild" name="test_lapse_classical_far_field" time="0.001" /><testcase classname="tests.test_cosmology.TestRGImprovedSchwarzschild" name="test_horizon_exists_for_large_M" time="0.074" /><testcase classname="tests.test_cosmology.TestRGImprovedSchwarzschild" name="test_no_horizon_below_critical_mass" time="0.070" /><testcase classname="tests.test_cosmology.TestRGImprovedSchwarzschild" name="test_critical_mass_finite_and_positive" time="0.087" /><testcase classname="tests.test_cosmology.TestRGImprovedSchwarzschild" name="test_metric_components_consistent" time="0.001" /><testcase classname="tests.test_cosmology.TestRGImprovedSchwarzschild" name="test_lambda_term_off_by_default" time="0.001" /><testcase classname="tests.test_cosmology.TestRGImprovedSchwarzschild" name="test_lambda_term_on_modifies_lapse" time="0.001" /><testcase classname="tests.test_cosmology.TestRGImprovedFLRW" name="test_constructor_requires_g" time="0.001" /><testcase classname="tests.test_cosmology.TestRGImprovedFLRW" name="test_G_lookup_returns_positive" time="0.001" /><testcase classname="tests.test_cosmology.TestRGImprovedFLRW" name="test_integrate_returns_expected_keys" time="0.035" /><testcase classname="tests.test_cosmology.TestRGImprovedFLRW" name="test_integrate_expanding_universe" time="0.043" /><testcase classname="tests.test_cosmology.TestRGImprovedFLRW" name="test_integrate_density_decreases" time="0.044" /><testcase classname="tests.test_cosmology.TestTrajectoryDescendingT" name="test_descending_t_interpolation" time="0.001" /><testcase classname="tests.test_curvature.TestMaxSymBackground" name="test_riemann_squared_d4" time="0.002" /><testcase classname="tests.test_curvature.TestMaxSymBackground" name="test_ricci_tensor_squared_d4" time="0.001" /><testcase classname="tests.test_curvature.TestMaxSymBackground" name="test_weyl_vanishes" time="0.001" /><testcase classname="tests.test_curvature.TestMaxSymBackground" name="test_gauss_bonnet_d4" time="0.001" /><testcase classname="tests.test_curvature.TestMaxSymBackground" name="test_weyl_squared_explicit_d4" time="0.001" /><testcase classname="tests.test_curvature.TestMaxSymBackground" name="test_sphere_radius_d4" time="0.001" /><testcase classname="tests.test_curvature.TestCurvatureInvariantBasis" name="test_pure_R2" time="0.001" /><testcase classname="tests.test_curvature.TestCurvatureInvariantBasis" name="test_pure_Ric2" time="0.001" /><testcase classname="tests.test_curvature.TestCurvatureInvariantBasis" name="test_pure_Riem2" time="0.001" /><testcase classname="tests.test_curvature.TestCurvatureInvariantBasis" name="test_gauss_bonnet_is_topological" time="0.001" /><testcase classname="tests.test_curvature.TestCurvatureInvariantBasis" name="test_weyl_squared_decomposition" time="0.001" /><testcase classname="tests.test_eh_beta.TestEHBetaFunctions" name="test_system_has_two_couplings" time="0.001" /><testcase classname="tests.test_eh_beta.TestEHBetaFunctions" name="test_gaussian_fp_exists" time="0.038" /><testcase classname="tests.test_eh_beta.TestEHBetaFunctions" name="test_beta_g_structure" time="0.009" /><testcase classname="tests.test_eh_beta.TestEHBetaFunctions" name="test_beta_lambda_at_gfp" time="0.057" /><testcase classname="tests.test_eh_beta.TestEHBetaFunctions" name="test_jacobian_at_gfp" time="0.134" /><testcase classname="tests.test_eh_beta.TestEHFixedPoint" name="test_ngfp_exists" time="0.127" /><testcase classname="tests.test_eh_beta.TestEHFixedPoint" name="test_ngfp_lambda_less_than_half" time="0.124" /><testcase classname="tests.test_eh_beta.TestEHFixedPoint" name="test_eta_minus_two_at_ngfp" time="0.168" /><testcase classname="tests.test_eh_beta.TestEHFixedPoint" name="test_at_least_one_relevant_direction" time="0.176" /><testcase classname="tests.test_eh_beta.TestEHFixedPoint" name="test_product_g_lambda_positive" time="0.156" /><testcase classname="tests.test_fixed_points.TestFixedPointFinder" name="test_gaussian_fp" time="0.013" /><testcase classname="tests.test_fixed_points.TestFixedPointFinder" name="test_find_known_fp" time="0.014" /><testcase classname="tests.test_fixed_points.TestFixedPointFinder" name="test_find_all_fps" time="0.026" /><testcase classname="tests.test_fixed_points.TestFixedPointFinder" name="test_stability_at_origin" time="0.005" /><testcase classname="tests.test_fixed_points.TestFixedPointFinder" name="test_stability_at_one_one" time="0.007" /><testcase classname="tests.test_fixed_points.TestFixedPointClassification" name="test_relevant_directions" time="0.001" /><testcase classname="tests.test_fixed_points.TestFixedPointClassification" name="test_uv_attractive" time="0.001" /><testcase classname="tests.test_fixed_points.TestFixedPointClassification" name="test_not_uv_attractive" time="0.001" /><testcase classname="tests.test_fixed_points.TestFixedPointClassification" name="test_gaussian_check" time="0.001" /><testcase classname="tests.test_fixed_points_acceleration.TestPrefilter" name="test_prefilter_off_matches_baseline" time="0.689" /><testcase classname="tests.test_fixed_points_acceleration.TestPrefilter" name="test_prefilter_with_loose_threshold_finds_ngfp" time="0.471" /><testcase classname="tests.test_fixed_points_acceleration.TestPrefilter" name="test_prefilter_zero_keeps_only_near_zero_norms" time="0.231" /><testcase classname="tests.test_fixed_points_acceleration.TestPrefilter" name="test_batch_backend_numpy_explicit" time="0.182" /><testcase classname="tests.test_fixed_points_acceleration.TestPrefilter" name="test_batch_backend_auto" time="0.744" /><testcase classname="tests.test_fixed_points_acceleration.TestParallelRefinement" name="test_parallel_matches_serial_eh" time="1.207" /><testcase classname="tests.test_fixed_points_acceleration.TestParallelRefinement" name="test_parallel_matches_serial_gravity_matter" time="1.545" /><testcase classname="tests.test_fixed_points_acceleration.TestParallelRefinement" name="test_parallel_with_prefilter" time="0.878" /><testcase classname="tests.test_fixed_points_acceleration.TestSystemPicklable" name="test_eh_pickle_round_trip" time="0.148" /><testcase classname="tests.test_fixed_points_acceleration.TestSystemPicklable" name="test_gravity_matter_pickle_round_trip" time="0.133" /><testcase classname="tests.test_foliated_beta.TestFoliatedSystemStructure" name="test_three_couplings" time="0.004" /><testcase classname="tests.test_foliated_beta.TestFoliatedSystemStructure" name="test_lambda_adm_appears_in_beta_lambda_adm" time="0.001" /><testcase classname="tests.test_foliated_beta.TestFoliatedSystemStructure" name="test_lambda_adm_does_not_appear_in_beta_g" time="0.001" /><testcase classname="tests.test_foliated_beta.TestFoliatedSystemStructure" name="test_lorentzian_flag_changes_nothing_currently" time="0.002" /><testcase classname="tests.test_foliated_beta.TestFoliatedFixedLine" name="test_lambda_adm_one_is_fixed_line_at_gfp" time="0.040" /><testcase classname="tests.test_foliated_beta.TestFoliatedFixedLine" name="test_lambda_adm_one_is_fixed_line_at_ngfp_guess" time="0.042" /><testcase classname="tests.test_foliated_beta.TestFoliatedFixedLine" name="test_lambda_adm_perturbation_drives_back_to_one" time="0.041" /><testcase classname="tests.test_foliated_beta.TestFoliatedBenchmarkReference" name="test_foliated_eh_fp_keys" time="0.001" /><testcase classname="tests.test_foliated_beta.TestFoliatedBenchmarkReference" name="test_lorentzian_fp_keys" time="0.001" /><testcase classname="tests.test_foliated_beta.TestFoliatedBenchmarkReference" name="test_lambda_adm_reference_is_one" time="0.000" /><testcase classname="tests.test_foliated_beta.TestFoliatedBenchmarkReference" name="test_benchmark_function" time="0.000" /><testcase classname="tests.test_foliated_beta.TestFoliatedBetaPinned" name="test_pinned_beta_lambda_adm_on_fixed_line" time="0.042" /><testcase classname="tests.test_foliated_beta.TestFoliatedBetaPinned" name="test_pinned_beta_at_gfp_with_lambda_adm" time="0.047" /><testcase classname="tests.test_fourier" name="test_fourier_transform_shape" time="6.245" /><testcase classname="tests.test_fourier" name="test_power_spectrum" time="5.907" /><testcase classname="tests.test_fourier" name="test_dominant_frequencies" time="4.896" /><testcase classname="tests.test_fourier" name="test_psd_shape" time="3.570" /><testcase classname="tests.test_gauge_higgs_analogue.TestAHMBetaSystem" name="test_system_has_three_couplings" time="0.002" /><testcase classname="tests.test_gauge_higgs_analogue.TestAHMBetaSystem" name="test_charged_fp_guess_matches_analytic" time="0.001" /><testcase classname="tests.test_gauge_higgs_analogue.TestAHMBetaSystem" name="test_evaluate_beta_at_fp_is_small" time="0.005" /><testcase classname="tests.test_gauge_higgs_analogue.TestGaugeHiggsAnalogue" name="test_construction_produces_bridge" time="0.011" /><testcase classname="tests.test_gauge_higgs_analogue.TestGaugeHiggsAnalogue" name="test_fp_is_not_gaussian" time="0.000" /><testcase classname="tests.test_gauge_higgs_analogue.TestGaugeHiggsAnalogue" name="test_exactly_one_strongly_relevant_direction" time="0.000" /><testcase classname="tests.test_gauge_higgs_analogue.TestGaugeHiggsAnalogue" name="test_nu_finite_and_below_unity" time="0.000" /><testcase classname="tests.test_gauge_higgs_analogue.TestGaugeHiggsAnalogue" name="test_below_perturbative_threshold_raises" time="0.001" /><testcase classname="tests.test_gauge_higgs_analogue.TestBridgeCommutativityOnAHM" name="test_rg_and_resolvent_match" time="0.001" /><testcase classname="tests.test_gauge_higgs_analogue.TestBridgeCommutativityOnAHM" name="test_verify_commutativity_returns_dict" time="0.002" /><testcase classname="tests.test_gauge_higgs_analogue.TestQualitativeBonatiTrends" name="test_nu_finite_at_published_Nf[30]" time="0.001" /><testcase classname="tests.test_gauge_higgs_analogue.TestQualitativeBonatiTrends" name="test_nu_finite_at_published_Nf[40]" time="0.001" /><testcase classname="tests.test_gauge_higgs_analogue.TestQualitativeBonatiTrends" name="test_nu_finite_at_published_Nf[60]" time="0.001" /><testcase classname="tests.test_gauge_higgs_analogue.TestQualitativeBonatiTrends" name="test_nu_finite_at_published_Nf[100]" time="0.001" /><testcase classname="tests.test_gauge_higgs_analogue.TestQualitativeBonatiTrends" name="test_one_loop_nu_monotone" time="0.001" /><testcase classname="tests.test_grover" name="test_coupling_grid_encoding_properties" time="0.001" /><testcase classname="tests.test_grover" name="test_index_to_couplings" time="0.000" /><testcase classname="tests.test_grover" name="test_couplings_to_index" time="0.001" /><testcase classname="tests.test_grover" name="test_bitstring_to_couplings" time="0.001" /><testcase classname="tests.test_grover" name="test_beta_oracle_find_marked" time="0.032" /><testcase classname="tests.test_heat_kernel.TestSeeleyDeWitt" name="test_b0_scalar" time="0.001" /><testcase classname="tests.test_heat_kernel.TestSeeleyDeWitt" name="test_b0_vector" time="0.001" /><testcase classname="tests.test_heat_kernel.TestSeeleyDeWitt" name="test_b0_TT_tensor" time="0.001" /><testcase classname="tests.test_heat_kernel.TestSeeleyDeWitt" name="test_b0_ghost" time="0.001" /><testcase classname="tests.test_heat_kernel.TestSeeleyDeWitt" name="test_b2_scalar_minimal" time="0.001" /><testcase classname="tests.test_heat_kernel.TestSeeleyDeWitt" name="test_b2_vector" time="0.001" /><testcase classname="tests.test_heat_kernel.TestSeeleyDeWitt" name="test_b4_returns_dict" time="0.001" /><testcase classname="tests.test_heat_kernel.TestSeeleyDeWitt" name="test_b4_scalar_universal" time="0.001" /><testcase classname="tests.test_hydraulic_mapping" name="test_mapper_creation" time="0.001" /><testcase classname="tests.test_hydraulic_mapping" name="test_build_network_creates_nodes" time="0.058" /><testcase classname="tests.test_hydraulic_mapping" name="test_build_network_creates_pipes" time="0.051" /><testcase classname="tests.test_hydraulic_mapping" name="test_pressures_couplings_roundtrip" time="0.001" /><testcase classname="tests.test_hydraulic_mapping" name="test_regulator_types" time="0.046" /><testcase classname="tests.test_hydraulic_network" name="test_hydraulic_node_creation" time="0.000" /><testcase classname="tests.test_hydraulic_network" name="test_hydraulic_pipe_creation" time="0.000" /><testcase classname="tests.test_hydraulic_network" name="test_hydraulic_network_creation" time="0.000" /><testcase classname="tests.test_hydraulic_network" name="test_incidence_matrix" time="0.000" /><testcase classname="tests.test_hydraulic_network" name="test_adjacency_matrix" time="0.000" /><testcase classname="tests.test_hydraulic_network" name="test_litim_valve_flow_rate" time="0.001" /><testcase classname="tests.test_hydraulic_network" name="test_litim_valve_impedance" time="0.001" /><testcase classname="tests.test_hydraulic_network" name="test_exponential_valve_flow_rate" time="0.001" /><testcase classname="tests.test_hydraulic_network" name="test_exponential_valve_impedance" time="0.001" /><testcase classname="tests.test_hydraulic_network" name="test_valve_names" time="0.000" /><testcase classname="tests.test_hydraulic_simulation" name="test_simulator_creation" time="0.063" /><testcase classname="tests.test_hydraulic_simulation" name="test_transient_simulation" time="0.049" /><testcase classname="tests.test_hydraulic_simulation" name="test_find_steady_state" time="0.049" /><testcase classname="tests.test_hydraulic_simulation" name="test_steady_state_eigenvalues" time="0.047" /><testcase classname="tests.test_koopman" name="test_build_dictionary" time="0.067" /><testcase classname="tests.test_koopman" name="test_evaluate_dictionary" time="0.066" /><testcase classname="tests.test_koopman" name="test_compute_edmd" time="0.967" /><testcase classname="tests.test_koopman" name="test_compare_with_stability" time="0.074" /><testcase classname="tests.test_koopman_quantum" name="test_koopman_operator_edmd" time="1.001" /><testcase classname="tests.test_koopman_quantum" name="test_koopman_dictionary" time="0.001" /><testcase classname="tests.test_koopman_quantum" name="test_stability_matrix_pauli_decomposition" time="0.068" /><testcase classname="tests.test_koopman_quantum" name="test_pauli_decomposition_reconstruction" time="0.068" /><testcase classname="tests.test_laplace" name="test_laplace_transform_shape" time="3.346" /><testcase classname="tests.test_laplace" name="test_laplace_transform_real_s" time="3.720" /><testcase classname="tests.test_laplace" name="test_detect_poles" time="2.563" /><testcase classname="tests.test_laplace" name="test_transfer_function" time="2.852" /><testcase classname="tests.test_matrix_exp" name="test_propagate_shape" time="0.075" /><testcase classname="tests.test_matrix_exp" name="test_propagate_at_zero" time="0.100" /><testcase classname="tests.test_matrix_exp" name="test_eigendecomposition" time="0.069" /><testcase classname="tests.test_matrix_exp" name="test_compare_with_flow" time="0.069" /><testcase classname="tests.test_matter.TestScalarAnomalousDimension" name="test_eta_phi_vanishes_at_g_zero" time="0.001" /><testcase classname="tests.test_matter.TestScalarAnomalousDimension" name="test_eta_phi_sign" time="0.003" /><testcase classname="tests.test_matter.TestScalarAnomalousDimension" name="test_eta_phi_diverges_at_lambda_half" time="0.005" /><testcase classname="tests.test_matter.TestBuildGravityMatterFPSystem" name="test_base_system_matches_eh_matter" time="0.004" /><testcase classname="tests.test_matter.TestBuildGravityMatterFPSystem" name="test_quartic_adds_lambda_phi" time="0.002" /><testcase classname="tests.test_matter.TestBuildGravityMatterFPSystem" name="test_yukawa_adds_y" time="0.002" /><testcase classname="tests.test_matter.TestBuildGravityMatterFPSystem" name="test_running_xi_adds_xi" time="0.001" /><testcase classname="tests.test_matter.TestBuildGravityMatterFPSystem" name="test_all_extensions" time="0.001" /><testcase classname="tests.test_matter.TestBuildGravityMatterFPSystem" name="test_yukawa_requires_fermions" time="0.000" /><testcase classname="tests.test_matter.TestBuildGravityMatterFPSystem" name="test_running_xi_requires_quartic" time="0.001" /><testcase classname="tests.test_matter.TestBuildGravityMatterFPSystem" name="test_gaussian_fp_vanishes" time="0.035" /><testcase classname="tests.test_matter.TestBuildGravityMatterFPSystem" name="test_evaluate_returns_all_couplings" time="0.034" /><testcase classname="tests.test_matter.TestQuarticFixedPoint" name="test_ngfp_exists" time="0.077" /><testcase classname="tests.test_matter.TestQuarticFixedPoint" name="test_lambda_phi_star_positive" time="0.069" /><testcase classname="tests.test_matter.TestQuarticFixedPoint" name="test_lambda_phi_star_small" time="0.109" /><testcase classname="tests.test_matter.TestQuarticFixedPoint" name="test_lambda_below_half" time="0.117" /><testcase classname="tests.test_matter.TestQuarticFixedPoint" name="test_three_critical_exponents" time="0.094" /><testcase classname="tests.test_matter.TestQuarticFixedPoint" name="test_betas_vanish_at_fp" time="0.064" /><testcase classname="tests.test_matter.TestQuarticFixedPoint" name="test_gravity_couplings_near_pure_eh" time="0.112" /><testcase classname="tests.test_matter.TestYukawaFixedPoint" name="test_ngfp_exists_with_yukawa" time="0.072" /><testcase classname="tests.test_matter.TestYukawaFixedPoint" name="test_y_star_vanishes_or_small" time="0.071" /><testcase classname="tests.test_matter.TestRunningXiFixedPoint" name="test_ngfp_exists_with_xi" time="0.108" /><testcase classname="tests.test_matter.TestRunningXiFixedPoint" name="test_xi_star_near_conformal" time="0.070" /><testcase classname="tests.test_matter.TestScanGravityMatterFPs" name="test_scan_returns_results" time="0.164" /><testcase classname="tests.test_matter.TestScanGravityMatterFPs" name="test_scan_first_entry_exists" time="0.070" /><testcase classname="tests.test_matter.TestScanGravityMatterFPs" name="test_scan_keys" time="0.064" /><testcase classname="tests.test_mellin" name="test_mellin_transform_shape" time="3.190" /><testcase classname="tests.test_mellin" name="test_mellin_transform_values" time="2.706" /><testcase classname="tests.test_mellin" name="test_scaling_dimensions" time="2.184" /><testcase classname="tests.test_quadratic_beta.TestQuadraticSystemStructure" name="test_four_couplings" time="0.001" /><testcase classname="tests.test_quadratic_beta.TestQuadraticSystemStructure" name="test_alpha_beta_one_loop_independence" time="0.001" /><testcase classname="tests.test_quadratic_beta.TestQuadraticSystemStructure" name="test_gaussian_fp_has_running_higher_derivative_couplings" time="0.016" /><testcase classname="tests.test_quadratic_beta.TestQuadraticOneLoopCoefficients" name="test_beta_beta_negative_at_lambda_zero" time="0.015" /><testcase classname="tests.test_quadratic_beta.TestQuadraticOneLoopCoefficients" name="test_beta_alpha_positive_at_lambda_zero" time="0.016" /><testcase classname="tests.test_quadratic_beta.TestQuadraticOneLoopCoefficients" name="test_beta_beta_universal_order_of_magnitude" time="0.014" /><testcase classname="tests.test_quadratic_beta.TestQuadraticPinnedValues" name="test_pinned_beta_alpha_at_gfp" time="0.015" /><testcase classname="tests.test_quadratic_beta.TestQuadraticPinnedValues" name="test_pinned_beta_beta_at_gfp" time="0.015" /><testcase classname="tests.test_quadratic_beta.TestQuadraticPinnedValues" name="test_validation_dict_keys_present" time="0.001" /><testcase classname="tests.test_quadratic_beta.TestQuadraticPinnedValues" name="test_one_loop_universal_dict_keys" time="0.000" /><testcase classname="tests.test_resolvent" name="test_evaluate_resolvent" time="0.051" /><testcase classname="tests.test_resolvent" name="test_resolvent_norm" time="0.048" /><testcase classname="tests.test_resolvent" name="test_poles" time="0.047" /><testcase classname="tests.test_resolvent" name="test_pseudospectrum" time="0.047" /><testcase classname="tests.test_resolvent" name="test_poles_match_critical_exponents" time="0.051" /><testcase classname="tests.test_scattering_amplitude.TestGravitonFormFactor" name="test_newton_constant_is_ir_limit" time="0.000" /><testcase classname="tests.test_scattering_amplitude.TestGravitonFormFactor" name="test_form_factor_ir_is_one" time="0.000" /><testcase classname="tests.test_scattering_amplitude.TestGravitonFormFactor" name="test_form_factor_grows_in_uv" time="0.000" /><testcase classname="tests.test_scattering_amplitude.TestGravitonFormFactor" name="test_G_softens_in_uv" time="0.000" /><testcase classname="tests.test_scattering_amplitude.TestGravitonFormFactor" name="test_xi_default_when_absent" time="0.000" /><testcase classname="tests.test_scattering_amplitude.TestGravitonFormFactor" name="test_xi_from_trajectory" time="0.000" /><testcase classname="tests.test_scattering_amplitude.TestGravitonFormFactor" name="test_vectorized_evaluation" time="0.000" /><testcase classname="tests.test_scattering_amplitude.TestDressedPropagator" name="test_coupling_strength_runs" time="0.000" /><testcase classname="tests.test_scattering_amplitude.TestDressedPropagator" name="test_massive_denominator_shift" time="0.000" /><testcase classname="tests.test_scattering_amplitude.TestAmplitude" name="test_ir_matches_gr" time="0.001" /><testcase classname="tests.test_scattering_amplitude.TestAmplitude" name="test_uv_bounded_vs_gr" time="0.001" /><testcase classname="tests.test_scattering_amplitude.TestAmplitude" name="test_dressed_amplitude_bounded_in_uv" time="0.002" /><testcase classname="tests.test_scattering_amplitude.TestAmplitude" name="test_gr_amplitude_grows_in_uv" time="0.000" /><testcase classname="tests.test_scattering_amplitude.TestAmplitude" name="test_fixed_scale_reproduces_gr" time="0.000" /><testcase classname="tests.test_scattering_amplitude.TestAmplitude" name="test_differential_cross_section_positive" time="0.000" /><testcase classname="tests.test_scattering_amplitude.TestAmplitude" name="test_xi_improvement_changes_amplitude" time="0.000" /><testcase classname="tests.test_scattering_bridge.TestHighEnergy" name="test_as_uv_constant_string_ultrasoft" time="0.002" /><testcase classname="tests.test_scattering_bridge.TestConsistencyTable" name="test_both_crossing_symmetric" time="0.221" /><testcase classname="tests.test_scattering_bridge.TestConsistencyTable" name="test_regge_tower_only_strings" time="0.222" /><testcase classname="tests.test_scattering_bridge.TestConsistencyTable" name="test_ultrasoft_only_strings" time="0.210" /><testcase classname="tests.test_scattering_bridge.TestConsistencyTable" name="test_as_foundational_pass" time="0.218" /><testcase classname="tests.test_scattering_bridge.TestConsistencyTable" name="test_full_comparison_table_shape" time="0.221" /><testcase classname="tests.test_scattering_bridge.TestVerdict" name="test_as_physically_consistent" time="0.228" /><testcase classname="tests.test_scattering_bridge.TestVerdict" name="test_distinct_from_strings" time="0.227" /><testcase classname="tests.test_scattering_consistency.TestPartialWave" name="test_partial_wave_finite" time="0.004" /><testcase classname="tests.test_scattering_consistency.TestPartialWave" name="test_higher_waves" time="0.010" /><testcase classname="tests.test_scattering_consistency.TestUnitarity" name="test_as_bounded_gr_unbounded" time="0.141" /><testcase classname="tests.test_scattering_consistency.TestUnitarity" name="test_gr_dwarfs_as_at_high_energy" time="0.141" /><testcase classname="tests.test_scattering_consistency.TestOtherChecks" name="test_uv_finiteness" time="0.002" /><testcase classname="tests.test_scattering_consistency.TestOtherChecks" name="test_froissart_as_constant_gr_linear" time="0.001" /><testcase classname="tests.test_scattering_consistency.TestOtherChecks" name="test_causality_no_ghosts" time="0.001" /><testcase classname="tests.test_scattering_consistency.TestOtherChecks" name="test_crossing_exact" time="0.000" /><testcase classname="tests.test_scattering_consistency.TestOtherChecks" name="test_optical_theorem_tree_real" time="0.000" /><testcase classname="tests.test_scattering_consistency.TestOtherChecks" name="test_full_report" time="0.217" /><testcase classname="tests.test_scattering_kinematics.TestMandelstam" name="test_closure_massless" time="0.000" /><testcase classname="tests.test_scattering_kinematics.TestMandelstam" name="test_closure_massive" time="0.000" /><testcase classname="tests.test_scattering_kinematics.TestMandelstam" name="test_from_s_t_fixes_u" time="0.000" /><testcase classname="tests.test_scattering_kinematics.TestMandelstam" name="test_angle_round_trip" time="0.000" /><testcase classname="tests.test_scattering_kinematics.TestMandelstam" name="test_physical_region" time="0.000" /><testcase classname="tests.test_scattering_kinematics.TestMandelstam" name="test_cm_momentum" time="0.000" /><testcase classname="tests.test_scattering_kinematics.TestMandelstam" name="test_crossing_swaps_s_t" time="0.000" /><testcase classname="tests.test_scattering_kinematics.TestMomentumScale" name="test_energy_scale" time="0.000" /><testcase classname="tests.test_scattering_kinematics.TestMomentumScale" name="test_energy_scale_abs_for_spacelike" time="0.000" /><testcase classname="tests.test_scattering_kinematics.TestMomentumScale" name="test_transfer_scale_is_energy_scale" time="0.000" /><testcase classname="tests.test_scattering_kinematics.TestMomentumScale" name="test_fixed_scale_constant" time="0.000" /><testcase classname="tests.test_scattering_kinematics.TestMomentumScale" name="test_vectorized" time="0.000" /><testcase classname="tests.test_scattering_visualization.TestAmplitudePlots" name="test_amplitude_vs_energy" time="0.214" /><testcase classname="tests.test_scattering_visualization.TestAmplitudePlots" name="test_form_factor" time="0.212" /><testcase classname="tests.test_scattering_visualization.TestAmplitudePlots" name="test_partial_wave_unitarity" time="0.228" /><testcase classname="tests.test_scattering_visualization.TestAmplitudePlots" name="test_regge_trajectory" time="0.053" /><testcase classname="tests.test_scattering_visualization.TestAmplitudePlots" name="test_as_vs_string" time="0.086" /><testcase classname="tests.test_serialization.TestSerialization" name="test_round_trip_dict" time="0.037" /><testcase classname="tests.test_serialization.TestSerialization" name="test_round_trip_json" time="0.033" /><testcase classname="tests.test_serialization.TestSerialization" name="test_json_is_string" time="0.002" /><testcase classname="tests.test_serialization.TestSerialization" name="test_standalone_code_generation" time="0.003" /><testcase classname="tests.test_serialization.TestSerialization" name="test_serialized_data_structure" time="0.002" /><testcase classname="tests.test_thermal" name="test_laplacian_hamiltonian_eigenvalues" time="0.001" /><testcase classname="tests.test_thermal" name="test_laplacian_hamiltonian_matrix_shape" time="0.000" /><testcase classname="tests.test_thermal" name="test_pauli_decomposition" time="0.001" /><testcase classname="tests.test_thermal" name="test_gibbs_state_normalization" time="0.000" /><testcase classname="tests.test_thermal" name="test_partition_function_positive" time="0.000" /><testcase classname="tests.test_thermal" name="test_partition_function_estimator" time="0.001" /><testcase classname="tests.test_threshold.TestLitimThresholdFunctions" name="test_Phi_1_1_zero" time="0.000" /><testcase classname="tests.test_threshold.TestLitimThresholdFunctions" name="test_Phi_1_2_zero" time="0.000" /><testcase classname="tests.test_threshold.TestLitimThresholdFunctions" name="test_Phi_2_1_zero" time="0.000" /><testcase classname="tests.test_threshold.TestLitimThresholdFunctions" name="test_Phi_1_1_w" time="0.000" /><testcase classname="tests.test_threshold.TestLitimThresholdFunctions" name="test_Phi_2_1_w" time="0.000" /><testcase classname="tests.test_threshold.TestLitimThresholdFunctions" name="test_Phi_1_2_w" time="0.000" /><testcase classname="tests.test_threshold.TestLitimThresholdFunctions" name="test_Phi_tilde_1_1_zero" time="0.000" /><testcase classname="tests.test_threshold.TestLitimThresholdFunctions" name="test_Phi_tilde_1_2_zero" time="0.000" /><testcase classname="tests.test_threshold.TestLitimThresholdFunctions" name="test_Phi_adjusted_reduces" time="0.002" /><testcase classname="tests.test_threshold.TestLitimThresholdFunctions" name="test_Phi_adjusted_with_eta" time="0.001" /><testcase classname="tests.test_threshold.TestNumericalThreshold" name="test_litim_numerical_Phi" time="0.001" /><testcase classname="tests.test_threshold.TestNumericalThreshold" name="test_litim_numerical_Phi_nonzero" time="0.000" /><testcase classname="tests.test_threshold.TestNumericalThreshold" name="test_litim_numerical_Phi_tilde" time="0.000" /><testcase classname="tests.test_threshold.TestQFunctional" name="test_Q_litim_basic" time="0.002" /><testcase classname="tests.test_transfer_matrix" name="test_compute_exact" time="0.046" /><testcase classname="tests.test_transfer_matrix" name="test_compute_euler" time="0.048" /><testcase classname="tests.test_transfer_matrix" name="test_eigenvalues" time="0.046" /><testcase classname="tests.test_transfer_matrix" name="test_critical_exponents_from_transfer" time="0.052" /><testcase classname="tests.test_transfer_matrix" name="test_power_iteration" time="0.047" /><testcase classname="tests.test_visualization_regression" name="test_figure_hash[asymptotic_safety_concept]" time="0.607" /><testcase classname="tests.test_visualization_regression" name="test_figure_hash[wetterich_equation]" time="0.225" /><testcase classname="tests.test_visualization_regression" name="test_figure_hash[regulator_comparison]" time="0.534" /><testcase classname="tests.test_visualization_regression" name="test_figure_hash[fp_stability_concept]" time="0.470" /><testcase classname="tests.test_visualization_regression" name="test_figure_hash[cross_analogue_bridge]" time="0.370" /><testcase classname="tests.test_visualization_regression" name="test_figure_hash[hydraulic_analogy]" time="0.533" /><testcase classname="tests.test_visualization_regression" name="test_figure_hash[heat_kernel_coefficients]" time="0.220" /><testcase classname="tests.test_visualization_regression" name="test_figure_hash[scale_identification]" time="0.538" /><testcase classname="tests.test_visualization_regression" name="test_figure_hash[scattering_concept]" time="1.308" /><testcase classname="tests.test_visualization_regression" name="test_figure_hash[scattering_bridge]" time="0.733" /><testcase classname="tests.test_visualization_smoke.TestStyleHelpers" name="test_format_arxiv" time="0.000" /><testcase classname="tests.test_visualization_smoke.TestStyleHelpers" name="test_theta_label_real" time="0.000" /><testcase classname="tests.test_visualization_smoke.TestStyleHelpers" name="test_theta_label_complex" time="0.000" /><testcase classname="tests.test_visualization_smoke.TestStyleHelpers" name="test_add_reference_box_renders_text" time="0.012" /><testcase classname="tests.test_visualization_smoke.TestStyleHelpers" name="test_add_legend_panel" time="0.018" /><testcase classname="tests.test_visualization_smoke.Test2DPlotters" name="test_phase_portrait_2d" time="1.262" /><testcase classname="tests.test_visualization_smoke.Test2DPlotters" name="test_flow_diagram" time="3.457" /><testcase classname="tests.test_visualization_smoke.Test2DPlotters" name="test_annotated_eh_phase_portrait" time="17.655" /><testcase classname="tests.test_visualization_smoke.Test2DPlotters" name="test_separatrix_overlay" time="6.220" /><testcase classname="tests.test_visualization_smoke.Test2DPlotters" name="test_regulator_comparison_panels" time="1.958" /><testcase classname="tests.test_visualization_smoke.Test2DPlotters" name="test_quadratic_pairwise_grid" time="3.217" /><testcase classname="tests.test_visualization_smoke.TestFixedPointPlot" name="test_plot_critical_exponents" time="0.412" /><testcase classname="tests.test_visualization_smoke.TestFixedPointPlot" name="test_plot_fixed_point_locations" time="0.118" /><testcase classname="tests.test_visualization_smoke.TestFixedPointPlot" name="test_plot_matter_content_continuation" time="0.125" /><testcase classname="tests.test_visualization_smoke.TestConceptualPlots" name="test_conceptual[asymptotic_safety_concept]" time="0.037" /><testcase classname="tests.test_visualization_smoke.TestConceptualPlots" name="test_conceptual[regulator_comparison]" time="0.035" /><testcase classname="tests.test_visualization_smoke.TestConceptualPlots" name="test_conceptual[fixed_point_stability_concept]" time="0.030" /><testcase classname="tests.test_visualization_smoke.TestConceptualPlots" name="test_conceptual[wetterich_equation_diagram]" time="0.015" /><testcase classname="tests.test_visualization_smoke.TestConceptualPlots" name="test_conceptual[scattering_concept]" time="0.032" /><testcase classname="tests.test_visualization_smoke.TestConceptualPlots" name="test_cross_analogue_bridge" time="0.251" /><testcase classname="tests.test_visualization_smoke.TestConceptualPlots" name="test_hydraulic_analogy" time="0.054" /><testcase classname="tests.test_visualization_smoke.TestConceptualPlots" name="test_scattering_bridge" time="0.026" /><testcase classname="tests.test_visualization_smoke.Test3DPlotters" name="test_flow_trajectories_3d_world_line" time="4.177" /><testcase classname="tests.test_visualization_smoke.Test3DPlotters" name="test_flow_trajectories_3d_warns_on_duplicate_z" time="3.105" /><testcase classname="tests.test_visualization_smoke.Test3DPlotters" name="test_phase_portrait_3d_rejects_duplicate_z" time="0.000" /><testcase classname="tests.test_visualization_smoke.Test3DPlotters" name="test_phase_portrait_3d_quadratic" time="0.062" /><testcase classname="tests.test_visualization_smoke.Test3DPlotters" name="test_fixed_point_stability_3d" time="0.098" /><testcase classname="tests.test_visualization_smoke.Test3DPlotters" name="test_fixed_point_stability_3d_rejects_duplicate" time="0.043" /><testcase classname="tests.test_visualization_smoke.Test3DPlotters" name="test_foliated_phase_portrait_3d" time="0.069" /><testcase classname="tests.test_visualization_smoke.Test3DPlotters" name="test_flow_basin_3d_smoke" time="60.002"><failure message="Failed: Timeout (&gt;60.0s) from pytest-timeout.">self = &lt;tests.test_visualization_smoke.Test3DPlotters object at 0x7a15e118f080&gt;
eh_system = BetaFunctionSystem([g, lambda])
eh_ngfp = FixedPoint(g=0.693658, lambda=0.142289, relevant=1)

    def test_flow_basin_3d_smoke(self, eh_system, eh_ngfp):
        from asymsafety.gui.visualization_3d import flow_basin_3d
        # Tiny sample for speed
&gt;       fig = flow_basin_3d(
            eh_system, eh_ngfp,
            x_coupling="g", y_coupling="lambda", z_coupling="lambda",
            n_samples=12, radius=0.1,
            t_span=(0.0, 1.0),
            show_references=False,
        )

tests/test_visualization_smoke.py:392: 
_ _ _ _ _ _ _ _ _ _ _ _ _ _ _ _ _ _ _ _ _ _ _ _ _ _ _ _ _ _ _ _ _ _ _ _ _ _ _ _ 
src/asymsafety/gui/visualization_3d.py:1216: in flow_basin_3d
    traj = integrator.integrate(ic, t_span=t_span)
           ^^^^^^^^^^^^^^^^^^^^^^^^^^^^^^^^^^^^^^^
src/asymsafety/analysis/flow.py:120: in integrate
    sol = solve_ivp(
.venv/lib/python3.12/site-packages/scipy/integrate/_ivp/ivp.py:657: in solve_ivp
    message = solver.step()
              ^^^^^^^^^^^^^
.venv/lib/python3.12/site-packages/scipy/integrate/_ivp/base.py:201: in step
    success, message = self._step_impl()
                       ^^^^^^^^^^^^^^^^^
.venv/lib/python3.12/site-packages/scipy/integrate/_ivp/rk.py:144: in _step_impl
    y_new, f_new = rk_step(self.fun, t, y, self.f, h, self.A,
.venv/lib/python3.12/site-packages/scipy/integrate/_ivp/rk.py:64: in rk_step
    K[s] = fun(t + c * h, y + dy)
           ^^^^^^^^^^^^^^^^^^^^^^
.venv/lib/python3.12/site-packages/scipy/integrate/_ivp/base.py:158: in fun
    return self.fun_single(t, y)
           ^^^^^^^^^^^^^^^^^^^^^
_ _ _ _ _ _ _ _ _ _ _ _ _ _ _ _ _ _ _ _ _ _ _ _ _ _ _ _ _ _ _ _ _ _ _ _ _ _ _ _ 

t = np.float64(0.013765402581188064), y = array([0.69839078, 0.5000002 ])

&gt;   def fun_wrapped(t, y):
E   Failed: Timeout (&gt;60.0s) from pytest-timeout.

.venv/lib/python3.12/site-packages/scipy/integrate/_ivp/base.py:23: Failed</failure></testcase><testcase classname="tests.test_visualization_smoke.TestHydraulicPlotters" name="test_plot_hydraulic_network" time="0.157" /><testcase classname="tests.test_visualization_smoke.TestTransformPlotters" name="test_plot_bode" time="0.432" /><testcase classname="tests.test_visualization_smoke.TestTransformPlotters" name="test_plot_scalogram" time="7.940" /><testcase classname="tests.test_visualization_smoke.TestTransformPlotters" name="test_plot_pseudospectrum" time="0.136" /><testcase classname="tests.test_visualization_smoke.TestTransformPlotters" name="test_plot_comparison_table" time="0.053" /><testcase classname="tests.test_visualization_smoke.TestCosmologyPlotters" name="test_plot_running_newton_constant" time="10.142" /><testcase classname="tests.test_visualization_smoke.TestCosmologyPlotters" name="test_plot_lapse_with_horizons" time="0.107" /><testcase classname="tests.test_visualization_smoke.TestCosmologyPlotters" name="test_plot_classical_vs_rg_lapse" time="0.081" /><testcase classname="tests.test_visualization_smoke.TestCosmologyPlotters" name="test_plot_hawking_temperature" time="0.689" /><testcase classname="tests.test_visualization_smoke.TestCosmologyPlotters" name="test_plot_scale_identification" time="0.022" /><testcase classname="tests.test_visualization_smoke.TestCosmologyPlotters" name="test_plot_flrw_evolution" time="0.828" /><testcase classname="tests.test_visualization_smoke.TestQuantumPlotters" name="test_plot_koopman_spectrum" time="6.604" /><testcase classname="tests.test_visualization_smoke.TestQuantumPlotters" name="test_plot_koopman_modes" time="0.023" /><testcase classname="tests.test_visualization_smoke.TestQuantumPlotters" name="test_plot_qft_power_spectrum" time="4.453" /><testcase classname="tests.test_visualization_smoke.TestQuantumPlotters" name="test_plot_grover_success_probability" time="0.010" /><testcase classname="tests.test_visualization_smoke.TestQuantumPlotters" name="test_plot_grover_measurement_distribution" time="0.113" /><testcase classname="tests.test_visualization_smoke.TestQuantumPlotters" name="test_plot_vqrg_cost_landscape" time="0.032" /><testcase classname="tests.test_visualization_smoke.TestQuantumPlotters" name="test_plot_vqrg_optimization_trajectory" time="0.017" /><testcase classname="tests.test_visualization_smoke.TestQuantumPlotters" name="test_plot_quantum_fisher_eigenvalues" time="0.024" /><testcase classname="tests.test_visualization_smoke.TestQuantumPlotters" name="test_plot_partition_function" time="0.187" /><testcase classname="tests.test_visualization_smoke.TestQuantumPlotters" name="test_plot_seeley_dewitt_extraction" time="0.011" /><testcase classname="tests.test_visualization_smoke.TestQuantumPlotters" name="test_plot_gibbs_state_purity" time="0.010" /><testcase classname="tests.test_visualization_smoke.Test3DExtensions" name="test_koopman_spectrum_3d" time="0.054" /><testcase classname="tests.test_visualization_smoke.Test3DExtensions" name="test_vqrg_cost_isosurface_3d" time="0.162" /><testcase classname="tests.test_visualization_smoke.TestSpectralAndHeatKernel" name="test_plot_spectral_sum_convergence" time="0.012" /><testcase classname="tests.test_visualization_smoke.TestSpectralAndHeatKernel" name="test_plot_heat_kernel_coefficients" time="0.011" /><testcase classname="tests.test_visualization_smoke.TestSpectralAndHeatKernel" name="test_plot_beta_norm_grid" time="0.018" /><testcase classname="tests.test_vqrg" name="test_coupling_angle_map_roundtrip" time="0.001" /><testcase classname="tests.test_vqrg" name="test_coupling_angle_map_bounds" time="0.001" /><testcase classname="tests.test_vqrg" name="test_float_to_binary_roundtrip" time="0.001" /><testcase classname="tests.test_vqrg" name="test_gray_code_length" time="0.000" /><testcase classname="tests.test_vqrg" name="test_von_neumann_entropy_pure_state" time="0.001" /><testcase classname="tests.test_vqrg" name="test_von_neumann_entropy_bell_state" time="0.001" /><testcase classname="tests.test_vqrg" name="test_reduced_density_matrix_trace" time="0.000" /><testcase classname="tests.test_wavelet" name="test_wavelet_morlet" time="3.607" /><testcase classname="tests.test_wavelet" name="test_wavelet_mexican_hat" time="5.361" /><testcase classname="tests.test_wavelet" name="test_scalogram" time="5.450" /><testcase classname="tests.test_wavelet" name="test_wavelet_coefficients_finite" time="3.967" /></testsuite></testsuites>